<?xml version="1.0" encoding="UTF-8"?>
<!-- Generated by org.testng.reporters.JUnitReportReporter -->
<testsuite hostname="DESKTOP-EF8P1RI" failures="0" tests="1" name="testcases_product.TS_09_Product_Search" time="26.596" errors="0" timestamp="2021-05-06T18:25:21 IST" skipped="0">
  <testcase classname="testcases_product.TS_09_Product_Search" name="Search_of_product" time="26.596"/>
  <system-out/>
</testsuite> <!-- testcases_product.TS_09_Product_Search -->
