<?xml version="1.0" encoding="UTF-8"?>
<!-- Generated by org.testng.reporters.JUnitReportReporter -->
<testsuite hostname="DESKTOP-EF8P1RI" failures="0" tests="1" name="testcases_product.TS_04_Product_Search_Del_Filtr" time="6.419" errors="0" timestamp="2021-05-04T18:26:39 IST" skipped="0">
  <testcase classname="testcases_product.TS_04_Product_Search_Del_Filtr" name="Search_of_product" time="6.419"/>
  <system-out/>
</testsuite> <!-- testcases_product.TS_04_Product_Search_Del_Filtr -->
