<?xml version="1.0" encoding="UTF-8"?>
<!-- Generated by org.testng.reporters.JUnitReportReporter -->
<testsuite hostname="DESKTOP-EF8P1RI" failures="0" tests="1" name="testcases_product.TS_04_AddProduct_variations_2" time="65.553" errors="0" timestamp="2021-05-14T17:57:36 IST" skipped="0">
  <testcase classname="testcases_product.TS_04_AddProduct_variations_2" name="add_product_check_same_variation" time="65.553"/>
  <system-out>
Style can't be select now packing mode can't be select now cup_size can't be select now product only show the same variation type and hide others -Test pass  </system-out>
</testsuite> <!-- testcases_product.TS_04_AddProduct_variations_2 -->
