<?xml version="1.0" encoding="UTF-8"?>
<!-- Generated by org.testng.reporters.JUnitReportReporter -->
<testsuite hostname="DESKTOP-EF8P1RI" failures="0" tests="1" name="testcases_product.TS_02_AddProduct_No_variations" time="119.693" errors="0" timestamp="2021-05-14T18:23:21 IST" skipped="0">
  <testcase classname="testcases_product.TS_02_AddProduct_No_variations" name="add_product" time="119.693"/>
  <system-out/>
</testsuite> <!-- testcases_product.TS_02_AddProduct_No_variations -->
