<?xml version="1.0" encoding="UTF-8"?>
<!-- Generated by org.testng.reporters.JUnitReportReporter -->
<testsuite hostname="DESKTOP-EF8P1RI" failures="0" tests="1" name="testcases_product.TS_05_AddProduct_variations_3" time="50.117" errors="0" timestamp="2021-05-14T17:54:27 IST" skipped="0">
  <testcase classname="testcases_product.TS_05_AddProduct_variations_3" name="add_product_check_same_variation" time="50.117"/>
  <system-out>
Test pass   </system-out>
</testsuite> <!-- testcases_product.TS_05_AddProduct_variations_3 -->
