<?xml version="1.0" encoding="UTF-8"?>
<!-- Generated by org.testng.reporters.JUnitReportReporter -->
<testsuite hostname="DESKTOP-EF8P1RI" failures="0" tests="1" name="testcases_product.TS_03_AddProduct_variations_1" time="63.526" errors="0" timestamp="2021-05-14T17:52:14 IST" skipped="0">
  <testcase classname="testcases_product.TS_03_AddProduct_variations_1" name="add_product" time="63.526"/>
  <system-out/>
</testsuite> <!-- testcases_product.TS_03_AddProduct_variations_1 -->
