<?xml version="1.0" encoding="UTF-8"?>
<!-- Generated by org.testng.reporters.JUnitReportReporter -->
<testsuite hostname="DESKTOP-EF8P1RI" failures="0" tests="1" name="pageobjects.te" time="0.002" errors="0" timestamp="2021-04-20T13:43:29 IST" skipped="0">
  <testcase classname="pageobjects.te" name="tr" time="0.002"/>
  <system-out/>
</testsuite> <!-- pageobjects.te -->
