<?xml version="1.0" encoding="UTF-8"?>
<!-- Generated by org.testng.reporters.JUnitReportReporter -->
<testsuite hostname="DESKTOP-EF8P1RI" failures="0" tests="1" name="testcases_product.TS_06_AddProduct_variations_4" time="75.102" errors="0" timestamp="2021-05-14T17:50:10 IST" skipped="0">
  <testcase classname="testcases_product.TS_06_AddProduct_variations_4" name="add_product_check_same_variation" time="75.102"/>
  <system-out/>
</testsuite> <!-- testcases_product.TS_06_AddProduct_variations_4 -->
