<?xml version="1.0" encoding="UTF-8"?>
<!-- Generated by org.testng.reporters.JUnitReportReporter -->
<testsuite hostname="DESKTOP-EF8P1RI" failures="0" tests="1" name="testcases_product.TS_03B_AddProduct_variations_1B" time="50.713" errors="0" timestamp="2021-05-14T17:57:36 IST" skipped="0">
  <testcase classname="testcases_product.TS_03B_AddProduct_variations_1B" name="add_product" time="50.713"/>
  <system-out/>
</testsuite> <!-- testcases_product.TS_03B_AddProduct_variations_1B -->
