<?xml version="1.0" encoding="UTF-8"?>
<!-- Generated by org.testng.reporters.JUnitReportReporter -->
<testsuite hostname="DESKTOP-EF8P1RI" failures="0" tests="3" name="testcases_product.TS_2_AddProduct" time="157.651" errors="0" timestamp="2021-04-24T20:42:49 IST" skipped="0">
  <testcase classname="testcases_product.TS_2_AddProduct" name="add_product" time="60.890"/>
  <system-out/>
  <testcase classname="testcases_product.TS_2_AddProduct" name="add_product" time="25.212"/>
  <system-out/>
  <testcase classname="testcases_product.TS_2_AddProduct" name="add_product" time="71.549"/>
  <system-out/>
</testsuite> <!-- testcases_product.TS_2_AddProduct -->
