<?xml version="1.0" encoding="UTF-8"?>
<!-- Generated by org.testng.reporters.JUnitReportReporter -->
<testsuite hostname="DESKTOP-EF8P1RI" failures="0" tests="1" name="testcases_product.TS_1_login" time="0.952" errors="0" timestamp="2021-05-05T10:08:11 IST" skipped="0">
  <testcase classname="testcases_product.TS_1_login" name="login" time="0.952"/>
  <system-out/>
</testsuite> <!-- testcases_product.TS_1_login -->
