<?xml version="1.0" encoding="UTF-8"?>
<!-- Generated by org.testng.reporters.JUnitReportReporter -->
<testsuite hostname="DESKTOP-EF8P1RI" failures="0" tests="1" name="testcases_product.TS_06_Action_Delete" time="21.519" errors="0" timestamp="2021-05-04T20:58:45 IST" skipped="0">
  <testcase classname="testcases_product.TS_06_Action_Delete" name="action_delete" time="21.519"/>
  <system-out/>
</testsuite> <!-- testcases_product.TS_06_Action_Delete -->
