<?xml version="1.0" encoding="UTF-8"?>
<!-- Generated by org.testng.reporters.JUnitReportReporter -->
<testsuite hostname="DESKTOP-EF8P1RI" failures="0" tests="1" name="testcases_product.TS_3_AddProduct_variations" time="46.995" errors="0" timestamp="2021-05-05T10:08:11 IST" skipped="0">
  <testcase classname="testcases_product.TS_3_AddProduct_variations" name="add_product" time="46.995"/>
  <system-out/>
</testsuite> <!-- testcases_product.TS_3_AddProduct_variations -->
