<?xml version="1.0" encoding="UTF-8"?>
<!-- Generated by org.testng.reporters.JUnitReportReporter -->
<testsuite hostname="DESKTOP-EF8P1RI" failures="0" tests="1" name="testcases_product.TS_08_Action_Deactivate" time="31.572" errors="0" timestamp="2021-05-05T10:06:33 IST" skipped="0">
  <testcase classname="testcases_product.TS_08_Action_Deactivate" name="action_Activate_deactivate" time="31.572"/>
  <system-out/>
</testsuite> <!-- testcases_product.TS_08_Action_Deactivate -->
