<?xml version="1.0" encoding="UTF-8"?>
<!-- Generated by org.testng.reporters.JUnitReportReporter -->
<testsuite hostname="DESKTOP-EF8P1RI" failures="0" tests="1" name="textilef.te" time="0.008" errors="0" timestamp="2021-04-20T13:07:45 IST" skipped="0">
  <testcase classname="textilef.te" name="tr" time="0.008"/>
  <system-out/>
</testsuite> <!-- textilef.te -->
