<?xml version="1.0" encoding="UTF-8"?>
<!-- Generated by org.testng.reporters.JUnitReportReporter -->
<testsuite hostname="DESKTOP-EF8P1RI" failures="0" tests="2" name="testcases_product.TS_06_Action_Product" time="54.949" errors="0" timestamp="2021-05-06T02:29:28 IST" skipped="1">
  <testcase classname="testcases_product.TS_06_Action_Product" name="action_add_variation" time="54.949"/>
  <system-out/>
  <testcase classname="testcases_product.TS_06_Action_Product" name="action_of_product">
    <skipped/>
  </testcase> <!-- action_of_product -->
  <system-out/>
</testsuite> <!-- testcases_product.TS_06_Action_Product -->
